<?xml version="1.0" encoding="UTF-8"?>
<!-- Generated by org.testng.reporters.JUnitXMLReporter -->
<testsuite ignored="0" hostname="ATMECSINDT-083" failures="0" tests="1" name="Test" time="36.134" errors="0" timestamp="23 Sep 2019 15:18:17 GMT">
  <testcase classname="com.atmecs.ValidateDoctorExperience.SearchDoctor" name="@BeforeMethod searchDoctors" time="3.827">
    <failure type="java.lang.NullPointerException">
      <![CDATA[java.lang.NullPointerException
	at com.atmecs.ValidateDoctorExperience.SearchDoctor.searchDoctors(SearchDoctor.java:29)
... Removed 27 stack frames]]>
    </failure>
  </testcase> <!-- @BeforeMethod searchDoctors -->
  <testcase classname="com.atmecs.PractoBookAppointment.BaseClass.BaseClass" name="@AfterTest closeBrowser" time="0.0">
    <skipped/>
  </testcase> <!-- @AfterTest closeBrowser -->
  <testcase classname="com.atmecs.ValidateDoctorExperience.ValidateExperienceFilteredorNot" name="validateExperienceFilteredorNot" time="0.0">
    <skipped/>
  </testcase> <!-- validateExperienceFilteredorNot -->
</testsuite> <!-- Test -->
